info t=2017-06-11T03:47:42.082Z Cinnamon.AppSystem.get_default() started in 1169 ms
info t=2017-06-11T03:47:42.090Z loading user theme: /usr/share/themes/Numix-Cinnamon-Dark/cinnamon/cinnamon.css
info t=2017-06-11T03:47:42.136Z added icon directory: /usr/share/themes/Numix-Cinnamon-Dark/cinnamon
info t=2017-06-11T03:47:42.230Z PlacesManager: Updating devices
info t=2017-06-11T03:47:42.252Z loaded at Sun Jun 11 2017 00:47:42 GMT-0300
info t=2017-06-11T03:47:42.997Z Loaded applet menu@cinnamon.org in 714 ms
info t=2017-06-11T03:47:43.085Z Loaded applet window-list@cinnamon.org in 87 ms
info t=2017-06-11T03:47:43.106Z Loaded applet keyboard@cinnamon.org in 18 ms
info t=2017-06-11T03:47:43.114Z Loaded applet systray@cinnamon.org in 7 ms
info t=2017-06-11T03:47:43.225Z Loaded applet network@cinnamon.org in 110 ms
info t=2017-06-11T03:47:43.325Z Loaded applet sound@cinnamon.org in 99 ms
info t=2017-06-11T03:47:43.395Z Loaded applet power@cinnamon.org in 69 ms
info t=2017-06-11T03:47:43.800Z Loaded applet calendar@cinnamon.org in 404 ms
info t=2017-06-11T03:47:43.816Z Loaded applet settings@cinnamon.org in 15 ms
info t=2017-06-11T03:47:43.825Z Loaded applet inhibit@cinnamon.org in 8 ms
info t=2017-06-11T03:47:43.825Z AppletManager.init() started in 1573 ms
info t=2017-06-11T03:47:43.828Z Cinnamon took 3698 ms to start
info t=2017-06-11T03:47:44.322Z Adding systray: pamac-tray (24x24px)
info t=2017-06-11T03:47:44.323Z Hiding systray: network
info t=2017-06-11T03:47:44.448Z Adding systray: franz (24x24px)
info t=2017-06-11T03:47:46.230Z Resized pamac-tray with normalized size (16x16px)
info t=2017-06-11T03:47:46.231Z Resized franz with normalized size (16x16px)
info t=2017-06-11T21:25:16.942Z PlacesManager: Updating devices
info t=2017-06-11T21:29:11.855Z PlacesManager: Updating devices
